Build started 07/06/2016 2:45:09 SA.
     1>Project "C:\Users\leanh\OneDrive\GRAPH\GRAPH.vcxproj" on node 2 (Build target(s)).
     1>ClCompile:
         C:\Program Files (x86)\Microsoft Visual Studio 12.0\VC\bin\CL.exe /c /ZI /nologo /W3 /WX- /sdl /Od /Oy- /D _CRT_SECURE_NO_WARNINGS /D _MBCS /Gm /EHsc /RTC1 /MDd /GS /fp:precise /Zc:wchar_t /Zc:forScope /Fo"Debug\\" /Fd"Debug\vc120.pdb" /Gd /TP /analyze- /errorReport:prompt main.cpp
         main.cpp
     1>c:\users\leanh\onedrive\graph\main.cpp(189): warning C4244: 'argument' : conversion from 'time_t' to 'unsigned int', possible loss of data
     1>c:\users\leanh\onedrive\graph\main.cpp(197): warning C4244: 'argument' : conversion from 'time_t' to 'unsigned int', possible loss of data
     1>c:\users\leanh\onedrive\graph\main.cpp(387): warning C4244: 'initializing' : conversion from 'double' to 'int', possible loss of data
     1>c:\users\leanh\onedrive\graph\main.cpp(388): warning C4244: 'initializing' : conversion from 'double' to 'int', possible loss of data
     1>c:\users\leanh\onedrive\graph\main.cpp(389): warning C4244: 'initializing' : conversion from 'double' to 'int', possible loss of data
     1>c:\users\leanh\onedrive\graph\main.cpp(458): warning C4244: 'initializing' : conversion from 'double' to 'int', possible loss of data
     1>c:\users\leanh\onedrive\graph\main.cpp(459): warning C4244: 'initializing' : conversion from 'double' to 'int', possible loss of data
     1>c:\users\leanh\onedrive\graph\main.cpp(460): warning C4244: 'initializing' : conversion from 'double' to 'int', possible loss of data
     1>c:\users\leanh\onedrive\graph\main.cpp(461): warning C4244: 'initializing' : conversion from 'double' to 'int', possible loss of data
     1>c:\users\leanh\onedrive\graph\main.cpp(471): warning C4244: '=' : conversion from 'double' to 'int', possible loss of data
     1>c:\users\leanh\onedrive\graph\main.cpp(472): warning C4244: '=' : conversion from 'double' to 'int', possible loss of data
     1>c:\users\leanh\onedrive\graph\main.cpp(473): warning C4244: '=' : conversion from 'double' to 'int', possible loss of data
     1>c:\users\leanh\onedrive\graph\main.cpp(474): warning C4244: '=' : conversion from 'double' to 'int', possible loss of data
     1>c:\users\leanh\onedrive\graph\main.cpp(873): warning C4244: 'initializing' : conversion from 'double' to 'int', possible loss of data
     1>c:\users\leanh\onedrive\graph\main.cpp(874): warning C4244: 'initializing' : conversion from 'double' to 'int', possible loss of data
     1>c:\users\leanh\onedrive\graph\main.cpp(875): warning C4244: 'initializing' : conversion from 'double' to 'int', possible loss of data
     1>c:\users\leanh\onedrive\graph\main.cpp(876): warning C4244: 'initializing' : conversion from 'double' to 'int', possible loss of data
     1>c:\users\leanh\onedrive\graph\main.cpp(885): warning C4244: '=' : conversion from 'double' to 'int', possible loss of data
     1>c:\users\leanh\onedrive\graph\main.cpp(886): warning C4244: '=' : conversion from 'double' to 'int', possible loss of data
     1>c:\users\leanh\onedrive\graph\main.cpp(887): warning C4244: '=' : conversion from 'double' to 'int', possible loss of data
     1>c:\users\leanh\onedrive\graph\main.cpp(888): warning C4244: '=' : conversion from 'double' to 'int', possible loss of data
     1>c:\users\leanh\onedrive\graph\main.cpp(1201): warning C4244: 'initializing' : conversion from 'double' to 'int', possible loss of data
     1>c:\users\leanh\onedrive\graph\main.cpp(1202): warning C4244: 'initializing' : conversion from 'double' to 'int', possible loss of data
     1>c:\users\leanh\onedrive\graph\main.cpp(1203): warning C4244: 'initializing' : conversion from 'double' to 'int', possible loss of data
     1>c:\users\leanh\onedrive\graph\main.cpp(1204): warning C4244: 'initializing' : conversion from 'double' to 'int', possible loss of data
     1>c:\users\leanh\onedrive\graph\main.cpp(1287): warning C4244: 'initializing' : conversion from 'double' to 'int', possible loss of data
     1>c:\users\leanh\onedrive\graph\main.cpp(1288): warning C4244: 'initializing' : conversion from 'double' to 'int', possible loss of data
     1>c:\users\leanh\onedrive\graph\main.cpp(1289): warning C4244: 'initializing' : conversion from 'double' to 'int', possible loss of data
     1>c:\users\leanh\onedrive\graph\main.cpp(1290): warning C4244: 'initializing' : conversion from 'double' to 'int', possible loss of data
     1>c:\users\leanh\onedrive\graph\main.cpp(1661): warning C4101: 'y' : unreferenced local variable
     1>c:\users\leanh\onedrive\graph\main.cpp(1661): warning C4101: 'x' : unreferenced local variable
     1>c:\users\leanh\onedrive\graph\main.cpp(1730): warning C4244: 'initializing' : conversion from 'double' to 'int', possible loss of data
     1>c:\users\leanh\onedrive\graph\main.cpp(1731): warning C4244: 'initializing' : conversion from 'double' to 'int', possible loss of data
     1>c:\users\leanh\onedrive\graph\main.cpp(1732): warning C4244: 'initializing' : conversion from 'double' to 'int', possible loss of data
     1>c:\users\leanh\onedrive\graph\main.cpp(1733): warning C4244: 'initializing' : conversion from 'double' to 'int', possible loss of data
     1>c:\users\leanh\onedrive\graph\main.cpp(1914): warning C4258: 'i' : definition from the for loop is ignored; the definition from the enclosing scope is used
                 c:\users\leanh\onedrive\graph\main.cpp(1901) : definition of 'i' ignored
                 c:\users\leanh\onedrive\graph\main.cpp(1890) : definition of 'i' used
     1>c:\users\leanh\onedrive\graph\main.cpp(1919): warning C4258: 'i' : definition from the for loop is ignored; the definition from the enclosing scope is used
                 c:\users\leanh\onedrive\graph\main.cpp(1901) : definition of 'i' ignored
                 c:\users\leanh\onedrive\graph\main.cpp(1890) : definition of 'i' used
     1>c:\users\leanh\onedrive\graph\main.cpp(1883): warning C4101: 'n' : unreferenced local variable
     1>c:\users\leanh\onedrive\graph\main.cpp(1994): warning C4244: 'initializing' : conversion from 'double' to 'int', possible loss of data
     1>c:\users\leanh\onedrive\graph\main.cpp(1995): warning C4244: 'initializing' : conversion from 'double' to 'int', possible loss of data
     1>c:\users\leanh\onedrive\graph\main.cpp(1996): warning C4244: 'initializing' : conversion from 'double' to 'int', possible loss of data
     1>c:\users\leanh\onedrive\graph\main.cpp(1997): warning C4244: 'initializing' : conversion from 'double' to 'int', possible loss of data
     1>c:\users\leanh\onedrive\graph\main.cpp(2043): warning C4244: 'initializing' : conversion from 'double' to 'int', possible loss of data
     1>c:\users\leanh\onedrive\graph\main.cpp(2044): warning C4244: 'initializing' : conversion from 'double' to 'int', possible loss of data
     1>c:\users\leanh\onedrive\graph\main.cpp(2045): warning C4244: 'initializing' : conversion from 'double' to 'int', possible loss of data
     1>c:\users\leanh\onedrive\graph\main.cpp(2046): warning C4244: 'initializing' : conversion from 'double' to 'int', possible loss of data
     1>c:\users\leanh\onedrive\graph\main.cpp(2280): warning C4244: 'initializing' : conversion from 'double' to 'int', possible loss of data
     1>c:\users\leanh\onedrive\graph\main.cpp(2281): warning C4244: 'initializing' : conversion from 'double' to 'int', possible loss of data
     1>c:\users\leanh\onedrive\graph\main.cpp(2282): warning C4244: 'initializing' : conversion from 'double' to 'int', possible loss of data
     1>c:\users\leanh\onedrive\graph\main.cpp(2283): warning C4244: 'initializing' : conversion from 'double' to 'int', possible loss of data
     1>c:\users\leanh\onedrive\graph\main.cpp(2871): warning C4244: 'initializing' : conversion from 'double' to 'int', possible loss of data
     1>c:\users\leanh\onedrive\graph\main.cpp(2872): warning C4244: 'initializing' : conversion from 'double' to 'int', possible loss of data
     1>c:\users\leanh\onedrive\graph\main.cpp(2873): warning C4244: 'initializing' : conversion from 'double' to 'int', possible loss of data
     1>c:\users\leanh\onedrive\graph\main.cpp(2874): warning C4244: 'initializing' : conversion from 'double' to 'int', possible loss of data
       Link:
         C:\Program Files (x86)\Microsoft Visual Studio 12.0\VC\bin\link.exe /ERRORREPORT:PROMPT /OUT:"C:\Users\leanh\OneDrive\GRAPH\Debug\GRAPH.exe" /INCREMENTAL /NOLOGO kernel32.lib user32.lib gdi32.lib winspool.lib comdlg32.lib advapi32.lib shell32.lib ole32.lib oleaut32.lib uuid.lib odbc32.lib odbccp32.lib /MANIFEST /MANIFESTUAC:"level='asInvoker' uiAccess='false'" /manifest:embed /DEBUG /PDB:"C:\Users\leanh\OneDrive\GRAPH\Debug\GRAPH.pdb" /TLBID:1 /DYNAMICBASE /NXCOMPAT /IMPLIB:"C:\Users\leanh\OneDrive\GRAPH\Debug\GRAPH.lib" /MACHINE:X86 Debug\GRAPH.res
         Debug\main.obj
         graphics.lib
     1>graphics.lib(dibutil.obj) : warning LNK4204: 'C:\Users\leanh\OneDrive\GRAPH\Debug\vc120.pdb' is missing debugging information for referencing module; linking object as if no debug info
     1>graphics.lib(drawing.obj) : warning LNK4204: 'C:\Users\leanh\OneDrive\GRAPH\Debug\vc120.pdb' is missing debugging information for referencing module; linking object as if no debug info
     1>graphics.lib(file.obj) : warning LNK4204: 'C:\Users\leanh\OneDrive\GRAPH\Debug\vc120.pdb' is missing debugging information for referencing module; linking object as if no debug info
     1>graphics.lib(misc.obj) : warning LNK4204: 'C:\Users\leanh\OneDrive\GRAPH\Debug\vc120.pdb' is missing debugging information for referencing module; linking object as if no debug info
     1>graphics.lib(mouse.obj) : warning LNK4204: 'C:\Users\leanh\OneDrive\GRAPH\Debug\vc120.pdb' is missing debugging information for referencing module; linking object as if no debug info
     1>graphics.lib(text.obj) : warning LNK4204: 'C:\Users\leanh\OneDrive\GRAPH\Debug\vc120.pdb' is missing debugging information for referencing module; linking object as if no debug info
     1>graphics.lib(winbgi.obj) : warning LNK4204: 'C:\Users\leanh\OneDrive\GRAPH\Debug\vc120.pdb' is missing debugging information for referencing module; linking object as if no debug info
     1>graphics.lib(winthread.obj) : warning LNK4204: 'C:\Users\leanh\OneDrive\GRAPH\Debug\vc120.pdb' is missing debugging information for referencing module; linking object as if no debug info
         GRAPH.vcxproj -> C:\Users\leanh\OneDrive\GRAPH\Debug\GRAPH.exe
     1>Done Building Project "C:\Users\leanh\OneDrive\GRAPH\GRAPH.vcxproj" (Build target(s)).

Build succeeded.

Time Elapsed 00:00:02.08
